# JRE version: OpenJDK Runtime Environment (8.0_282-b08) (build 1.8.0_282-b08)
# Java VM: OpenJDK 64-Bit Server VM (25.282-b08 mixed mode linux-amd64 compressed oops)
Heap:
 PSYoungGen      total 409600K, used 390034K [0x00000000d6c00000, 0x00000000f6500000, 0x0000000100000000)
  eden space 396288K, 95% used [0x00000000d6c00000,0x00000000edc5bb90,0x00000000eef00000)
  from space 13312K, 96% used [0x00000000f5800000,0x00000000f6488fa0,0x00000000f6500000)
  to   space 30208K, 0% used [0x00000000f2a00000,0x00000000f2a00000,0x00000000f4780000)
 ParOldGen       total 148992K, used 72092K [0x0000000084400000, 0x000000008d580000, 0x00000000d6c00000)
  object space 148992K, 48% used [0x0000000084400000,0x0000000088a67128,0x000000008d580000)
 Metaspace       used 44648K, capacity 49022K, committed 49152K, reserved 1091584K
  class space    used 6051K, capacity 6792K, committed 6912K, reserved 1048576K
GC Heap History (10 events):
Event: 205,891 GC heap before
{Heap before GC invocations=17 (full 3):
 PSYoungGen      total 285696K, used 273867K [0x00000000d6c00000, 0x00000000f0000000, 0x0000000100000000)
  eden space 250880K, 100% used [0x00000000d6c00000,0x00000000e6100000,0x00000000e6100000)
  from space 34816K, 66% used [0x00000000e6100000,0x00000000e7772f18,0x00000000e8300000)
  to   space 35840K, 0% used [0x00000000edd00000,0x00000000edd00000,0x00000000f0000000)
 ParOldGen       total 148992K, used 50142K [0x0000000084400000, 0x000000008d580000, 0x00000000d6c00000)
  object space 148992K, 33% used [0x0000000084400000,0x00000000874f79f0,0x000000008d580000)
 Metaspace       used 44036K, capacity 48374K, committed 48512K, reserved 1091584K
  class space    used 6044K, capacity 6784K, committed 6784K, reserved 1048576K
Event: 205,916 GC heap after
Heap after GC invocations=17 (full 3):
 PSYoungGen      total 358400K, used 7448K [0x00000000d6c00000, 0x00000000ef600000, 0x0000000100000000)
  eden space 332800K, 0% used [0x00000000d6c00000,0x00000000d6c00000,0x00000000eb100000)
  from space 25600K, 29% used [0x00000000edd00000,0x00000000ee446110,0x00000000ef600000)
  to   space 35328K, 0% used [0x00000000eb100000,0x00000000eb100000,0x00000000ed380000)
 ParOldGen       total 148992K, used 67981K [0x0000000084400000, 0x000000008d580000, 0x00000000d6c00000)
  object space 148992K, 45% used [0x0000000084400000,0x0000000088663730,0x000000008d580000)
 Metaspace       used 44036K, capacity 48374K, committed 48512K, reserved 1091584K
  class space    used 6044K, capacity 6784K, committed 6784K, reserved 1048576K
}
Event: 229,898 GC heap before
{Heap before GC invocations=18 (full 3):
 PSYoungGen      total 358400K, used 340248K [0x00000000d6c00000, 0x00000000ef600000, 0x0000000100000000)
  eden space 332800K, 100% used [0x00000000d6c00000,0x00000000eb100000,0x00000000eb100000)
  from space 25600K, 29% used [0x00000000edd00000,0x00000000ee446110,0x00000000ef600000)
  to   space 35328K, 0% used [0x00000000eb100000,0x00000000eb100000,0x00000000ed380000)
 ParOldGen       total 148992K, used 67981K [0x0000000084400000, 0x000000008d580000, 0x00000000d6c00000)
  object space 148992K, 45% used [0x0000000084400000,0x0000000088663730,0x000000008d580000)
 Metaspace       used 44155K, capacity 48444K, committed 48640K, reserved 1091584K
  class space    used 6045K, capacity 6785K, committed 6912K, reserved 1048576K
Event: 229,906 GC heap after
Heap after GC invocations=18 (full 3):
 PSYoungGen      total 368128K, used 3136K [0x00000000d6c00000, 0x00000000f5280000, 0x0000000100000000)
  eden space 332800K, 0% used [0x00000000d6c00000,0x00000000d6c00000,0x00000000eb100000)
  from space 35328K, 8% used [0x00000000eb100000,0x00000000eb410000,0x00000000ed380000)
  to   space 35328K, 0% used [0x00000000f3000000,0x00000000f3000000,0x00000000f5280000)
 ParOldGen       total 148992K, used 71343K [0x0000000084400000, 0x000000008d580000, 0x00000000d6c00000)
  object space 148992K, 47% used [0x0000000084400000,0x00000000889abc10,0x000000008d580000)
 Metaspace       used 44155K, capacity 48444K, committed 48640K, reserved 1091584K
  class space    used 6045K, capacity 6785K, committed 6912K, reserved 1048576K
}
Event: 330,285 GC heap before
{Heap before GC invocations=19 (full 3):
 PSYoungGen      total 368128K, used 335936K [0x00000000d6c00000, 0x00000000f5280000, 0x0000000100000000)
  eden space 332800K, 100% used [0x00000000d6c00000,0x00000000eb100000,0x00000000eb100000)
  from space 35328K, 8% used [0x00000000eb100000,0x00000000eb410000,0x00000000ed380000)
  to   space 35328K, 0% used [0x00000000f3000000,0x00000000f3000000,0x00000000f5280000)
 ParOldGen       total 148992K, used 72049K [0x0000000084400000, 0x000000008d580000, 0x00000000d6c00000)
  object space 148992K, 48% used [0x0000000084400000,0x0000000088a5c4f0,0x000000008d580000)
 Metaspace       used 44361K, capacity 48746K, committed 48896K, reserved 1091584K
  class space    used 6049K, capacity 6790K, committed 6912K, reserved 1048576K
Event: 330,294 GC heap after
Heap after GC invocations=19 (full 3):
 PSYoungGen      total 432128K, used 10509K [0x00000000d6c00000, 0x00000000f4200000, 0x0000000100000000)
  eden space 413696K, 0% used [0x00000000d6c00000,0x00000000d6c00000,0x00000000f0000000)
  from space 18432K, 57% used [0x00000000f3000000,0x00000000f3a436f8,0x00000000f4200000)
  to   space 33792K, 0% used [0x00000000f0000000,0x00000000f0000000,0x00000000f2100000)
 ParOldGen       total 148992K, used 72057K [0x0000000084400000, 0x000000008d580000, 0x00000000d6c00000)
  object space 148992K, 48% used [0x0000000084400000,0x0000000088a5e4f0,0x000000008d580000)
 Metaspace       used 44361K, capacity 48746K, committed 48896K, reserved 1091584K
  class space    used 6049K, capacity 6790K, committed 6912K, reserved 1048576K
}
Event: 356,265 GC heap before
{Heap before GC invocations=20 (full 3):
 PSYoungGen      total 432128K, used 424205K [0x00000000d6c00000, 0x00000000f4200000, 0x0000000100000000)
  eden space 413696K, 100% used [0x00000000d6c00000,0x00000000f0000000,0x00000000f0000000)
  from space 18432K, 57% used [0x00000000f3000000,0x00000000f3a436f8,0x00000000f4200000)
  to   space 33792K, 0% used [0x00000000f0000000,0x00000000f0000000,0x00000000f2100000)
 ParOldGen       total 148992K, used 72081K [0x0000000084400000, 0x000000008d580000, 0x00000000d6c00000)
  object space 148992K, 48% used [0x0000000084400000,0x0000000088a64520,0x000000008d580000)
 Metaspace       used 44441K, capacity 48746K, committed 48896K, reserved 1091584K
  class space    used 6050K, capacity 6790K, committed 6912K, reserved 1048576K
Event: 356,282 GC heap after
Heap after GC invocations=20 (full 3):
 PSYoungGen      total 447488K, used 8945K [0x00000000d6c00000, 0x00000000f7780000, 0x0000000100000000)
  eden space 413696K, 0% used [0x00000000d6c00000,0x00000000d6c00000,0x00000000f0000000)
  from space 33792K, 26% used [0x00000000f0000000,0x00000000f08bc458,0x00000000f2100000)
  to   space 32256K, 0% used [0x00000000f5800000,0x00000000f5800000,0x00000000f7780000)
 ParOldGen       total 148992K, used 72089K [0x0000000084400000, 0x000000008d580000, 0x00000000d6c00000)
  object space 148992K, 48% used [0x0000000084400000,0x0000000088a66520,0x000000008d580000)
 Metaspace       used 44441K, capacity 48746K, committed 48896K, reserved 1091584K
  class space    used 6050K, capacity 6790K, committed 6912K, reserved 1048576K
}
Event: 454,822 GC heap before
{Heap before GC invocations=21 (full 3):
 PSYoungGen      total 447488K, used 422641K [0x00000000d6c00000, 0x00000000f7780000, 0x0000000100000000)
  eden space 413696K, 100% used [0x00000000d6c00000,0x00000000f0000000,0x00000000f0000000)
  from space 33792K, 26% used [0x00000000f0000000,0x00000000f08bc458,0x00000000f2100000)
  to   space 32256K, 0% used [0x00000000f5800000,0x00000000f5800000,0x00000000f7780000)
 ParOldGen       total 148992K, used 72092K [0x0000000084400000, 0x000000008d580000, 0x00000000d6c00000)
  object space 148992K, 48% used [0x0000000084400000,0x0000000088a67128,0x000000008d580000)
 Metaspace       used 44592K, capacity 48954K, committed 49152K, reserved 1091584K
  class space    used 6051K, capacity 6792K, committed 6912K, reserved 1048576K
Event: 454,837 GC heap after
Heap after GC invocations=21 (full 3):
 PSYoungGen      total 409600K, used 12835K [0x00000000d6c00000, 0x00000000f6500000, 0x0000000100000000)
  eden space 396288K, 0% used [0x00000000d6c00000,0x00000000d6c00000,0x00000000eef00000)
  from space 13312K, 96% used [0x00000000f5800000,0x00000000f6488fa0,0x00000000f6500000)
  to   space 30208K, 0% used [0x00000000f2a00000,0x00000000f2a00000,0x00000000f4780000)
 ParOldGen       total 148992K, used 72092K [0x0000000084400000, 0x000000008d580000, 0x00000000d6c00000)
  object space 148992K, 48% used [0x0000000084400000,0x0000000088a67128,0x000000008d580000)
 Metaspace       used 44592K, capacity 48954K, committed 49152K, reserved 1091584K
  class space    used 6051K, capacity 6792K, committed 6912K, reserved 1048576K
}

